
Showing logs for build [32mentando-k8s-infrastructure-enta-858gz-1[0m stage [32mfrom-build-pack[0m and container [32mstep-credential-initializer-cxv6d[0m
{"level":"warn","ts":1579199958.886373,"logger":"fallback-logger","caller":"logging/config.go:69","msg":"Fetch GitHub commit ID from kodata failed: \"ref: refs/heads/0.8.0-**-support-backwards-incompats\" is not a valid GitHub commit ID"}
{"level":"info","ts":1579199958.8890672,"logger":"fallback-logger","caller":"creds-init/main.go:40","msg":"Credentials initialized."}

Showing logs for build [32mentando-k8s-infrastructure-enta-858gz-1[0m stage [32mfrom-build-pack[0m and container [32mstep-working-dir-initializer-9nbnt[0m
{"level":"warn","ts":1579199961.008196,"logger":"fallback-logger","caller":"logging/config.go:69","msg":"Fetch GitHub commit ID from kodata failed: open /var/run/ko/HEAD: no such file or directory"}
{"level":"info","ts":1579199961.049057,"logger":"fallback-logger","caller":"bash/main.go:64","msg":"Successfully executed command \"sh -c mkdir -p /workspace/source\"; output "}

Showing logs for build [32mentando-k8s-infrastructure-enta-858gz-1[0m stage [32mfrom-build-pack[0m and container [32mstep-place-tools[0m

Showing logs for build [32mentando-k8s-infrastructure-enta-858gz-1[0m stage [32mfrom-build-pack[0m and container [32mstep-git-source-entando-k8s-infrastructure-enta-cpmp4[0m
{"level":"warn","ts":1579199981.7833858,"logger":"fallback-logger","caller":"logging/config.go:69","msg":"Fetch GitHub commit ID from kodata failed: \"ref: refs/heads/0.8.0-**-support-backwards-incompats\" is not a valid GitHub commit ID"}
{"level":"info","ts":1579199982.9552963,"logger":"fallback-logger","caller":"git/git.go:103","msg":"Successfully cloned https://github.com/entando-k8s-infrastructure/**********-maven-java11.git @ v0.0.24 in path /workspace/source"}

Showing logs for build [32mentando-k8s-infrastructure-enta-858gz-1[0m stage [32mfrom-build-pack[0m and container [32mstep-git-merge[0m
Using SHAs from PULL_REFS=master:654311f6d90bfaa00f3fcf861cfe7718ea869452
WARNING: no SHAs to merge, falling back to initial cloned commit

Showing logs for build [32mentando-k8s-infrastructure-enta-858gz-1[0m stage [32mfrom-build-pack[0m and container [32mstep-setup-jx-git-credentials[0m
Generated Git credentials file /workspace/xdg_config/git/credentials

Showing logs for build [32mentando-k8s-infrastructure-enta-858gz-1[0m stage [32mfrom-build-pack[0m and container [32mstep-build-container-build[0m
[36mINFO[0m[0000] Downloading base image gcr.io/jenkinsxio/builder-maven-graalvm:2.0.1102-438 
2020/01/16 18:39:44 No matching credentials were found, falling back on anonymous
[36mINFO[0m[0000] Error while retrieving image from cache: getting file info: stat /workspace/sha256:439b3810d1a9a79d0479209e30a4e21501ee1f45a42edaeb28c6784d6cc52982: no such file or directory 
[36mINFO[0m[0000] Downloading base image gcr.io/jenkinsxio/builder-maven-graalvm:2.0.1102-438 
2020/01/16 18:39:44 No matching credentials were found, falling back on anonymous
[36mINFO[0m[0001] Using files from context: [/workspace/source/bin/fetch-history-by-days /workspace/source/bin/fix-git-branches /workspace/source/bin/mvn-deploy-release /workspace/source/bin/mvn-verify-pr /workspace/source/bin/prepare-permissions /workspace/source/bin/publish-image-info /workspace/source/bin/publish-status /workspace/source/bin/run-inter-process-tests /workspace/source/bin/skaffold-build /workspace/source/bin/verify-build] 
[36mINFO[0m[0001] Skipping unpacking as no commands require it. 
[36mINFO[0m[0001] Taking snapshot of full filesystem...        
[36mINFO[0m[0001] Using files from context: [/workspace/source/bin/fetch-history-by-days /workspace/source/bin/fix-git-branches /workspace/source/bin/mvn-deploy-release /workspace/source/bin/mvn-verify-pr /workspace/source/bin/prepare-permissions /workspace/source/bin/publish-image-info /workspace/source/bin/publish-status /workspace/source/bin/run-inter-process-tests /workspace/source/bin/skaffold-build /workspace/source/bin/verify-build] 
[36mINFO[0m[0001] COPY bin/* /usr/bin/                         
[36mINFO[0m[0001] Taking snapshot of files...                  
error pushing image: failed to push to destination docker-registry.default.svc:5000/entando-k8s-infrastructure/**********-maven-java11:0.0.24: unsupported status code 401; body: 
[31m
Pipeline failed on stage 'from-build-pack' : container 'step-build-container-build'. The execution of the pipeline has stopped.[0m
